#
# There is insufficient memory for the Java Runtime Environment to continue.
# Native memory allocation (malloc) failed to allocate 773456 bytes for Chunk::new
# Possible reasons:
#   The system is out of physical RAM or swap space
#   The process is running with CompressedOops enabled, and the Java Heap may be blocking the growth of the native heap
# Possible solutions:
#   Reduce memory load on the system
#   Increase physical memory or swap space
#   Check if swap backing store is full
#   Decrease Java heap size (-Xmx/-Xms)
#   Decrease number of Java threads
#   Decrease Java thread stack sizes (-Xss)
#   Set larger code cache with -XX:ReservedCodeCacheSize=
#   JVM is running with Unscaled Compressed Oops mode in which the Java heap is
#     placed in the first 4GB address space. The Java Heap base address is the
#     maximum limit for the native heap growth. Please use -XX:HeapBaseMinAddress
#     to set the Java Heap base and to place the Java Heap above 4GB virtual address.
# This output file may be truncated or incomplete.
#
#  Out of Memory Error (allocation.cpp:389), pid=5824, tid=0x0000000000000e24
#
# JRE version: OpenJDK Runtime Environment (8.0_242-b01) (build 1.8.0_242-release-1644-b01)
# Java VM: OpenJDK 64-Bit Server VM (25.242-b01 mixed mode windows-amd64 compressed oops)
# Failed to write core dump. Minidumps are not enabled by default on client versions of Windows
#

---------------  T H R E A D  ---------------

Current thread (0x000000001739e000):  JavaThread "C2 CompilerThread1" daemon [_thread_in_native, id=3620, stack(0x0000000018af0000,0x0000000018bf0000)]

Stack: [0x0000000018af0000,0x0000000018bf0000]
[error occurred during error reporting (printing stack bounds), id 0xc0000005]

Native frames: (J=compiled Java code, j=interpreted, Vv=VM code, C=native code)


Current CompileTask:
C2:21812235 37941       4       org.gradle.api.internal.artifacts.ivyservice.modulecache.PersistentModuleMetadataCache::lambda$get$0 (81 bytes)


---------------  P R O C E S S  ---------------

Java Threads: ( => current thread )
  0x0000000019475800 JavaThread "Cache worker for cache directory md-rule (C:\Users\Priyanshu\.gradle\caches\6.5\md-rule)" [_thread_blocked, id=9416, stack(0x000000001fdb0000,0x000000001feb0000)]
  0x000000001946e000 JavaThread "Cache worker for cache directory md-supplier (C:\Users\Priyanshu\.gradle\caches\6.5\md-supplier)" [_thread_blocked, id=3956, stack(0x000000001fcb0000,0x000000001fdb0000)]
  0x000000001946e800 JavaThread "Cache worker for checksums cache (C:\Users\Priyanshu\AndroidStudioProjects\Conduit\.gradle\checksums)" [_thread_blocked, id=12356, stack(0x000000001fbb0000,0x000000001fcb0000)]
  0x0000000019474800 JavaThread "Cache worker for file hash cache (C:\Users\Priyanshu\AndroidStudioProjects\Conduit\.gradle\6.5\fileHashes)" [_thread_blocked, id=4912, stack(0x000000001fab0000,0x000000001fbb0000)]
  0x0000000019474000 JavaThread "Thread-1687" [_thread_blocked, id=10216, stack(0x000000001f9b0000,0x000000001fab0000)]
  0x0000000019473000 JavaThread "Stdin handler" [_thread_blocked, id=5080, stack(0x000000001f8b0000,0x000000001f9b0000)]
  0x000000001946b800 JavaThread "Asynchronous log dispatcher for DefaultDaemonConnection: socket connection from /127.0.0.1:49954 to /127.0.0.1:52853" [_thread_blocked, id=15496, stack(0x000000001f7b0000,0x000000001f8b0000)]
  0x000000001946d000 JavaThread "Daemon worker Thread 11" [_thread_in_native, id=1452, stack(0x000000001ce10000,0x000000001cf10000)]
  0x000000001946c000 JavaThread "Cancel handler" [_thread_blocked, id=7264, stack(0x000000001c710000,0x000000001c810000)]
  0x0000000019470000 JavaThread "Handler for socket connection from /127.0.0.1:49954 to /127.0.0.1:52853" [_thread_in_native, id=8596, stack(0x000000001c610000,0x000000001c710000)]
  0x0000000019472800 JavaThread "Daemon Thread 11" [_thread_blocked, id=3452, stack(0x0000000000900000,0x0000000000a00000)]
  0x0000000031a87000 JavaThread "Cache worker for Java compile cache (C:\Users\Priyanshu\.gradle\caches\6.5\javaCompile)" [_thread_blocked, id=12828, stack(0x0000000037d80000,0x0000000037e80000)]
  0x0000000031a86000 JavaThread "RMI Reaper" [_thread_blocked, id=10044, stack(0x0000000037a80000,0x0000000037b80000)]
  0x0000000031a7e800 JavaThread "GC Daemon" daemon [_thread_blocked, id=2564, stack(0x0000000037980000,0x0000000037a80000)]
  0x00000000201eb800 JavaThread "RMI TCP Accept-0" daemon [_thread_in_native, id=11844, stack(0x0000000035a70000,0x0000000035b70000)]
  0x0000000019469000 JavaThread "RMI Scheduler(0)" daemon [_thread_blocked, id=8760, stack(0x0000000035670000,0x0000000035770000)]
  0x000000001d9d8000 JavaThread "Memory manager" [_thread_blocked, id=14296, stack(0x000000002ac90000,0x000000002ad90000)]
  0x000000001b844800 JavaThread "Cache worker for file content cache (C:\Users\Priyanshu\.gradle\caches\6.5\fileContent)" [_thread_blocked, id=6828, stack(0x0000000023a70000,0x0000000023b70000)]
  0x000000001b843800 JavaThread "Cache worker for execution history cache (C:\Users\Priyanshu\.gradle\caches\6.5\executionHistory)" [_thread_blocked, id=540, stack(0x0000000023570000,0x0000000023670000)]
  0x00000000173b2800 JavaThread "Cache worker for file hash cache (C:\Users\Priyanshu\.gradle\caches\6.5\fileHashes)" [_thread_blocked, id=8892, stack(0x000000001d310000,0x000000001d410000)]
  0x00000000173af800 JavaThread "File lock request listener" [_thread_in_native, id=14468, stack(0x000000001d210000,0x000000001d310000)]
  0x000000001af56800 JavaThread "Cache worker for journal cache (C:\Users\Priyanshu\.gradle\caches\journal-1)" [_thread_blocked, id=14400, stack(0x000000001d110000,0x000000001d210000)]
  0x000000001ae6d800 JavaThread "Daemon periodic checks" [_thread_blocked, id=14148, stack(0x000000001c510000,0x000000001c610000)]
  0x000000001ae6b800 JavaThread "Incoming local TCP Connector on port 49954" [_thread_in_native, id=12580, stack(0x000000001c2d0000,0x000000001c3d0000)]
  0x000000001ad8e000 JavaThread "Daemon health stats" [_thread_blocked, id=2072, stack(0x000000001bc90000,0x000000001bd90000)]
  0x0000000018d38800 JavaThread "Service Thread" daemon [_thread_blocked, id=14264, stack(0x00000000190f0000,0x00000000191f0000)]
  0x00000000173b3000 JavaThread "C1 CompilerThread2" daemon [_thread_blocked, id=8348, stack(0x0000000018bf0000,0x0000000018cf0000)]
=>0x000000001739e000 JavaThread "C2 CompilerThread1" daemon [_thread_in_native, id=3620, stack(0x0000000018af0000,0x0000000018bf0000)]
  0x0000000017394800 JavaThread "C2 CompilerThread0" daemon [_thread_in_vm, id=14332, stack(0x00000000189f0000,0x0000000018af0000)]
  0x0000000017392000 JavaThread "Attach Listener" daemon [_thread_blocked, id=5924, stack(0x00000000188f0000,0x00000000189f0000)]
  0x0000000017390800 JavaThread "Signal Dispatcher" daemon [_thread_blocked, id=8552, stack(0x00000000187f0000,0x00000000188f0000)]
  0x000000000276b000 JavaThread "Finalizer" daemon [_thread_blocked, id=9868, stack(0x00000000185f0000,0x00000000186f0000)]
  0x0000000017379000 JavaThread "Reference Handler" daemon [_thread_blocked, id=13224, stack(0x00000000184f0000,0x00000000185f0000)]
  0x000000000266e000 JavaThread "main" [_thread_blocked, id=8232, stack(0x0000000002530000,0x0000000002630000)]

Other Threads:
  0x0000000017356000 VMThread [stack: 0x00000000183f0000,0x00000000184f0000] [id=9388]
  0x0000000018d41800 WatcherThread [stack: 0x00000000191f0000,0x00000000192f0000] [id=12960]

VM state:not at safepoint (normal execution)

VM Mutex/Monitor currently owned by a thread: None

heap address: 0x0000000080000000, size: 2048 MB, Compressed Oops mode: 32-bit
Narrow klass base: 0x0000000000000000, Narrow klass shift: 3
Compressed class space size: 1073741824 Address: 0x0000000100000000

Heap:
 PSYoungGen      total 601088K, used 21602K [0x00000000d5580000, 0x0000000100000000, 0x0000000100000000)
  eden space 499200K, 4% used [0x00000000d5580000,0x00000000d6a989b8,0x00000000f3d00000)
  from space 101888K, 0% used [0x00000000f9c80000,0x00000000f9c80000,0x0000000100000000)
  to   space 97792K, 0% used [0x00000000f3d00000,0x00000000f3d00000,0x00000000f9c80000)
 ParOldGen       total 304128K, used 122407K [0x0000000080000000, 0x0000000092900000, 0x00000000d5580000)
  object space 304128K, 40% used [0x0000000080000000,0x0000000087789c38,0x0000000092900000)
 Metaspace       used 181934K, capacity 192352K, committed 213120K, reserved 1234944K
  class space    used 23018K, capacity 24948K, committed 28288K, reserved 1048576K

Card table byte_map: [0x0000000011b30000,0x0000000011f40000] byte_map_base: 0x0000000011730000

Marking Bits: (ParMarkBitMap*) 0x0000000054f6f030
 Begin Bits: [0x00000000125f0000, 0x00000000145f0000)
 End Bits:   [0x00000000145f0000, 0x00000000165f0000)

Polling page: 0x0000000000c80000

CodeCache: size=245760Kb used=101951Kb max_used=103507Kb free=143808Kb
 bounds [0x0000000002770000, 0x0000000008d20000, 0x0000000011770000]
 total_blobs=28198 nmethods=27181 adapters=924
 compilation: enabled

Compilation events (10 events):
Event: 21811.188 Thread 0x00000000173b3000 37936       3       org.gradle.cache.internal.DefaultCacheAccess::newCache (6 bytes)
Event: 21811.192 Thread 0x00000000173b3000 nmethod 37936 0x0000000006face90 code [0x0000000006fad000, 0x0000000006fad1a8]
Event: 21811.192 Thread 0x00000000173b3000 37937   !   3       org.gradle.cache.internal.DefaultCacheAccess::newCache (227 bytes)
Event: 21811.252 Thread 0x00000000173b3000 nmethod 37937 0x0000000005831d10 code [0x0000000005832120, 0x00000000058345e8]
Event: 21811.318 Thread 0x00000000173b3000 37938       3       org.gradle.internal.service.DefaultServiceRegistry::toParentServices (46 bytes)
Event: 21811.333 Thread 0x00000000173b3000 nmethod 37938 0x00000000072eaf10 code [0x00000000072eb180, 0x00000000072ec2b8]
Event: 21811.378 Thread 0x00000000173b3000 37939       1       org.gradle.api.internal.StartParameterInternal::getConfigurationCache (5 bytes)
Event: 21811.379 Thread 0x00000000173b3000 nmethod 37939 0x000000000750ce90 code [0x000000000750cfe0, 0x000000000750d0f0]
Event: 21811.897 Thread 0x000000001739e000 37941       4       org.gradle.api.internal.artifacts.ivyservice.modulecache.PersistentModuleMetadataCache::lambda$get$0 (81 bytes)
Event: 21811.897 Thread 0x0000000017394800 37940       4       org.gradle.api.internal.artifacts.ivyservice.modulecache.PersistentModuleMetadataCache$$Lambda$218/1848499858::create (16 bytes)

GC Heap History (10 events):
Event: 21739.230 GC heap before
{Heap before GC invocations=72 (full 16):
 PSYoungGen      total 593920K, used 7776K [0x00000000d5580000, 0x0000000100000000, 0x0000000100000000)
  eden space 483840K, 0% used [0x00000000d5580000,0x00000000d5580000,0x00000000f2e00000)
  from space 110080K, 7% used [0x00000000f9480000,0x00000000f9c18000,0x0000000100000000)
  to   space 104960K, 0% used [0x00000000f2e00000,0x00000000f2e00000,0x00000000f9480000)
 ParOldGen       total 304128K, used 123082K [0x0000000080000000, 0x0000000092900000, 0x00000000d5580000)
  object space 304128K, 40% used [0x0000000080000000,0x0000000087832ab8,0x0000000092900000)
 Metaspace       used 181909K, capacity 192352K, committed 213120K, reserved 1234944K
  class space    used 23018K, capacity 24948K, committed 28288K, reserved 1048576K
Event: 21743.088 GC heap after
Heap after GC invocations=72 (full 16):
 PSYoungGen      total 593920K, used 0K [0x00000000d5580000, 0x0000000100000000, 0x0000000100000000)
  eden space 483840K, 0% used [0x00000000d5580000,0x00000000d5580000,0x00000000f2e00000)
  from space 110080K, 0% used [0x00000000f9480000,0x00000000f9480000,0x0000000100000000)
  to   space 104960K, 0% used [0x00000000f2e00000,0x00000000f2e00000,0x00000000f9480000)
 ParOldGen       total 304128K, used 122696K [0x0000000080000000, 0x0000000092900000, 0x00000000d5580000)
  object space 304128K, 40% used [0x0000000080000000,0x00000000877d2300,0x0000000092900000)
 Metaspace       used 181909K, capacity 192352K, committed 213120K, reserved 1234944K
  class space    used 23018K, capacity 24948K, committed 28288K, reserved 1048576K
}
Event: 21743.104 GC heap before
{Heap before GC invocations=73 (full 16):
 PSYoungGen      total 593920K, used 1039K [0x00000000d5580000, 0x0000000100000000, 0x0000000100000000)
  eden space 483840K, 0% used [0x00000000d5580000,0x00000000d5683c50,0x00000000f2e00000)
  from space 110080K, 0% used [0x00000000f9480000,0x00000000f9480000,0x0000000100000000)
  to   space 104960K, 0% used [0x00000000f2e00000,0x00000000f2e00000,0x00000000f9480000)
 ParOldGen       total 304128K, used 122696K [0x0000000080000000, 0x0000000092900000, 0x00000000d5580000)
  object space 304128K, 40% used [0x0000000080000000,0x00000000877d2300,0x0000000092900000)
 Metaspace       used 181909K, capacity 192352K, committed 213120K, reserved 1234944K
  class space    used 23018K, capacity 24948K, committed 28288K, reserved 1048576K
Event: 21743.113 GC heap after
Heap after GC invocations=73 (full 16):
 PSYoungGen      total 588800K, used 96K [0x00000000d5580000, 0x0000000100000000, 0x0000000100000000)
  eden space 483840K, 0% used [0x00000000d5580000,0x00000000d5580000,0x00000000f2e00000)
  from space 104960K, 0% used [0x00000000f2e00000,0x00000000f2e18000,0x00000000f9480000)
  to   space 101888K, 0% used [0x00000000f9c80000,0x00000000f9c80000,0x0000000100000000)
 ParOldGen       total 304128K, used 122696K [0x0000000080000000, 0x0000000092900000, 0x00000000d5580000)
  object space 304128K, 40% used [0x0000000080000000,0x00000000877d2300,0x0000000092900000)
 Metaspace       used 181909K, capacity 192352K, committed 213120K, reserved 1234944K
  class space    used 23018K, capacity 24948K, committed 28288K, reserved 1048576K
}
Event: 21743.113 GC heap before
{Heap before GC invocations=74 (full 17):
 PSYoungGen      total 588800K, used 96K [0x00000000d5580000, 0x0000000100000000, 0x0000000100000000)
  eden space 483840K, 0% used [0x00000000d5580000,0x00000000d5580000,0x00000000f2e00000)
  from space 104960K, 0% used [0x00000000f2e00000,0x00000000f2e18000,0x00000000f9480000)
  to   space 101888K, 0% used [0x00000000f9c80000,0x00000000f9c80000,0x0000000100000000)
 ParOldGen       total 304128K, used 122696K [0x0000000080000000, 0x0000000092900000, 0x00000000d5580000)
  object space 304128K, 40% used [0x0000000080000000,0x00000000877d2300,0x0000000092900000)
 Metaspace       used 181909K, capacity 192352K, committed 213120K, reserved 1234944K
  class space    used 23018K, capacity 24948K, committed 28288K, reserved 1048576K
Event: 21743.461 GC heap after
Heap after GC invocations=74 (full 17):
 PSYoungGen      total 588800K, used 0K [0x00000000d5580000, 0x0000000100000000, 0x0000000100000000)
  eden space 483840K, 0% used [0x00000000d5580000,0x00000000d5580000,0x00000000f2e00000)
  from space 104960K, 0% used [0x00000000f2e00000,0x00000000f2e00000,0x00000000f9480000)
  to   space 101888K, 0% used [0x00000000f9c80000,0x00000000f9c80000,0x0000000100000000)
 ParOldGen       total 304128K, used 122407K [0x0000000080000000, 0x0000000092900000, 0x00000000d5580000)
  object space 304128K, 40% used [0x0000000080000000,0x0000000087789ee8,0x0000000092900000)
 Metaspace       used 181909K, capacity 192352K, committed 213120K, reserved 1234944K
  class space    used 23018K, capacity 24948K, committed 28288K, reserved 1048576K
}
Event: 21743.497 GC heap before
{Heap before GC invocations=75 (full 17):
 PSYoungGen      total 588800K, used 647K [0x00000000d5580000, 0x0000000100000000, 0x0000000100000000)
  eden space 483840K, 0% used [0x00000000d5580000,0x00000000d5621cd0,0x00000000f2e00000)
  from space 104960K, 0% used [0x00000000f2e00000,0x00000000f2e00000,0x00000000f9480000)
  to   space 101888K, 0% used [0x00000000f9c80000,0x00000000f9c80000,0x0000000100000000)
 ParOldGen       total 304128K, used 122407K [0x0000000080000000, 0x0000000092900000, 0x00000000d5580000)
  object space 304128K, 40% used [0x0000000080000000,0x0000000087789ee8,0x0000000092900000)
 Metaspace       used 181909K, capacity 192352K, committed 213120K, reserved 1234944K
  class space    used 23018K, capacity 24948K, committed 28288K, reserved 1048576K
Event: 21743.502 GC heap after
Heap after GC invocations=75 (full 17):
 PSYoungGen      total 601088K, used 128K [0x00000000d5580000, 0x0000000100000000, 0x0000000100000000)
  eden space 499200K, 0% used [0x00000000d5580000,0x00000000d5580000,0x00000000f3d00000)
  from space 101888K, 0% used [0x00000000f9c80000,0x00000000f9ca0000,0x0000000100000000)
  to   space 97792K, 0% used [0x00000000f3d00000,0x00000000f3d00000,0x00000000f9c80000)
 ParOldGen       total 304128K, used 122407K [0x0000000080000000, 0x0000000092900000, 0x00000000d5580000)
  object space 304128K, 40% used [0x0000000080000000,0x0000000087789ee8,0x0000000092900000)
 Metaspace       used 181909K, capacity 192352K, committed 213120K, reserved 1234944K
  class space    used 23018K, capacity 24948K, committed 28288K, reserved 1048576K
}
Event: 21743.502 GC heap before
{Heap before GC invocations=76 (full 18):
 PSYoungGen      total 601088K, used 128K [0x00000000d5580000, 0x0000000100000000, 0x0000000100000000)
  eden space 499200K, 0% used [0x00000000d5580000,0x00000000d5580000,0x00000000f3d00000)
  from space 101888K, 0% used [0x00000000f9c80000,0x00000000f9ca0000,0x0000000100000000)
  to   space 97792K, 0% used [0x00000000f3d00000,0x00000000f3d00000,0x00000000f9c80000)
 ParOldGen       total 304128K, used 122407K [0x0000000080000000, 0x0000000092900000, 0x00000000d5580000)
  object space 304128K, 40% used [0x0000000080000000,0x0000000087789ee8,0x0000000092900000)
 Metaspace       used 181909K, capacity 192352K, committed 213120K, reserved 1234944K
  class space    used 23018K, capacity 24948K, committed 28288K, reserved 1048576K
Event: 21743.848 GC heap after
Heap after GC invocations=76 (full 18):
 PSYoungGen      total 601088K, used 0K [0x00000000d5580000, 0x0000000100000000, 0x0000000100000000)
  eden space 499200K, 0% used [0x00000000d5580000,0x00000000d5580000,0x00000000f3d00000)
  from space 101888K, 0% used [0x00000000f9c80000,0x00000000f9c80000,0x0000000100000000)
  to   space 97792K, 0% used [0x00000000f3d00000,0x00000000f3d00000,0x00000000f9c80000)
 ParOldGen       total 304128K, used 122407K [0x0000000080000000, 0x0000000092900000, 0x00000000d5580000)
  object space 304128K, 40% used [0x0000000080000000,0x0000000087789c38,0x0000000092900000)
 Metaspace       used 181909K, capacity 192352K, committed 213120K, reserved 1234944K
  class space    used 23018K, capacity 24948K, committed 28288K, reserved 1048576K
}

Deoptimization events (10 events):
Event: 21702.964 Thread 0x0000000031a82800 Uncommon trap: reason=bimorphic action=maybe_recompile pc=0x0000000003130a68 method=org.gradle.internal.logging.text.AbstractLineChoppingStyledTextOutput$StateContext.flushLineText()V @ 110
Event: 21702.964 Thread 0x0000000031a82800 Uncommon trap: reason=bimorphic action=maybe_recompile pc=0x0000000004c7e56c method=org.gradle.internal.logging.text.AbstractLineChoppingStyledTextOutput$StateContext.flushStartLine()V @ 4
Event: 21702.964 Thread 0x0000000031a82800 Uncommon trap: reason=unstable_if action=reinterpret pc=0x0000000002bb312c method=org.gradle.internal.logging.text.AbstractLineChoppingStyledTextOutput$2.execute(Lorg/gradle/internal/logging/text/AbstractLineChoppingStyledTextOutput$StateContext;)V @ 30
Event: 21702.964 Thread 0x0000000031a82800 Uncommon trap: reason=bimorphic action=maybe_recompile pc=0x0000000003130a68 method=org.gradle.internal.logging.text.AbstractLineChoppingStyledTextOutput$StateContext.flushLineText()V @ 110
Event: 21702.964 Thread 0x0000000031a82800 Uncommon trap: reason=bimorphic action=maybe_recompile pc=0x0000000004c7e56c method=org.gradle.internal.logging.text.AbstractLineChoppingStyledTextOutput$StateContext.flushStartLine()V @ 4
Event: 21702.966 Thread 0x0000000031a82800 Uncommon trap: reason=bimorphic action=maybe_recompile pc=0x0000000003130a68 method=org.gradle.internal.logging.text.AbstractLineChoppingStyledTextOutput$StateContext.flushLineText()V @ 110
Event: 21738.967 Thread 0x000000001946e000 Uncommon trap: reason=class_check action=maybe_recompile pc=0x00000000081d7364 method=com.google.common.collect.Maps$TransformedEntriesMap.entryIterator()Ljava/util/Iterator; @ 9
Event: 21743.857 Thread 0x0000000019470000 Uncommon trap: reason=class_check action=maybe_recompile pc=0x00000000081d5ecc method=com.google.common.collect.Maps$TransformedEntriesMap.entryIterator()Ljava/util/Iterator; @ 9
Event: 21743.902 Thread 0x0000000031a82800 Uncommon trap: reason=bimorphic action=maybe_recompile pc=0x0000000004c7e56c method=org.gradle.internal.logging.text.AbstractLineChoppingStyledTextOutput$StateContext.flushStartLine()V @ 4
Event: 21743.904 Thread 0x0000000031a82800 Uncommon trap: reason=bimorphic action=maybe_recompile pc=0x0000000004872968 method=org.gradle.internal.logging.text.AbstractLineChoppingStyledTextOutput$StateContext.flushStartLine()V @ 4

Classes redefined (0 events):
No events

Internal exceptions (10 events):
Event: 21683.258 Thread 0x000000001e2f2800 Exception <a 'java/lang/NoSuchMethodError': <clinit>> (0x00000000dba1d510) thrown at [C:\src\AOSP-openjdk-git\hotspot\src\share\vm\prims\jni.cpp, line 1615]
Event: 21683.264 Thread 0x000000001e2f2800 Exception <a 'java/lang/NoSuchMethodError': <clinit>> (0x00000000dba268a0) thrown at [C:\src\AOSP-openjdk-git\hotspot\src\share\vm\prims\jni.cpp, line 1615]
Event: 21689.903 Thread 0x0000000031a82800 Exception <a 'sun/nio/fs/WindowsException'> (0x00000000e1a07b18) thrown at [C:\src\AOSP-openjdk-git\hotspot\src\share\vm\prims\jni.cpp, line 710]
Event: 21690.840 Thread 0x0000000031a82800 Exception <a 'sun/nio/fs/WindowsException'> (0x00000000e26a80c0) thrown at [C:\src\AOSP-openjdk-git\hotspot\src\share\vm\prims\jni.cpp, line 710]
Event: 21691.293 Thread 0x000000001b636000 Implicit null exception at 0x00000000083c2417 to 0x00000000083c3565
Event: 21691.312 Thread 0x000000001b636000 Implicit null exception at 0x000000000623d3ce to 0x000000000623e661
Event: 21702.734 Thread 0x000000001b636000 Exception <a 'java/lang/reflect/InvocationTargetException'> (0x00000000d560d268) thrown at [C:\src\AOSP-openjdk-git\hotspot\src\share\vm\runtime\reflection.cpp, line 1092]
Event: 21737.683 Thread 0x0000000031a82800 Exception <a 'sun/nio/fs/WindowsException'> (0x00000000db879af8) thrown at [C:\src\AOSP-openjdk-git\hotspot\src\share\vm\prims\jni.cpp, line 710]
Event: 21738.571 Thread 0x0000000031a82800 Exception <a 'sun/nio/fs/WindowsException'> (0x00000000dc4d3770) thrown at [C:\src\AOSP-openjdk-git\hotspot\src\share\vm\prims\jni.cpp, line 710]
Event: 21743.857 Thread 0x0000000019470000 Exception <a 'java/lang/reflect/InvocationTargetException'> (0x00000000d55dd3e0) thrown at [C:\src\AOSP-openjdk-git\hotspot\src\share\vm\runtime\reflection.cpp, line 1092]

Events (10 events):
Event: 21809.768 Thread 0x000000001946c000 Thread added: 0x000000001946c000
Event: 21809.849 Thread 0x000000001946d000 Thread added: 0x000000001946d000
Event: 21809.907 Thread 0x000000001946b800 Thread added: 0x000000001946b800
Event: 21809.935 Thread 0x0000000019473000 Thread added: 0x0000000019473000
Event: 21809.949 Thread 0x0000000019474000 Thread added: 0x0000000019474000
Event: 21810.514 Thread 0x00000000173b3000 flushing nmethod 0x0000000008ccca10
Event: 21810.979 Thread 0x0000000019474800 Thread added: 0x0000000019474800
Event: 21811.178 Thread 0x000000001946e800 Thread added: 0x000000001946e800
Event: 21811.238 Thread 0x000000001946e000 Thread added: 0x000000001946e000
Event: 21811.268 Thread 0x0000000019475800 Thread added: 0x0000000019475800


Dynamic libraries:
0x00007ff6c1600000 - 0x00007ff6c1631000 	C:\Program Files\Android\Android Studio\jre\bin\java.exe
0x00007ff940160000 - 0x00007ff940350000 	C:\WINDOWS\SYSTEM32\ntdll.dll
0x00007ff93e720000 - 0x00007ff93e7d2000 	C:\WINDOWS\System32\KERNEL32.DLL
0x00007ff93d9d0000 - 0x00007ff93dc75000 	C:\WINDOWS\System32\KERNELBASE.dll
0x00007ff93eaf0000 - 0x00007ff93eb93000 	C:\WINDOWS\System32\ADVAPI32.dll
0x00007ff93e7e0000 - 0x00007ff93e87e000 	C:\WINDOWS\System32\msvcrt.dll
0x00007ff940050000 - 0x00007ff9400e7000 	C:\WINDOWS\System32\sechost.dll
0x00007ff93fc10000 - 0x00007ff93fd30000 	C:\WINDOWS\System32\RPCRT4.dll
0x00007ff93e350000 - 0x00007ff93e4e4000 	C:\WINDOWS\System32\USER32.dll
0x00007ff93dd20000 - 0x00007ff93dd41000 	C:\WINDOWS\System32\win32u.dll
0x00007ff93ffc0000 - 0x00007ff93ffe6000 	C:\WINDOWS\System32\GDI32.dll
0x00007ff93df00000 - 0x00007ff93e096000 	C:\WINDOWS\System32\gdi32full.dll
0x00007ff93dc80000 - 0x00007ff93dd1e000 	C:\WINDOWS\System32\msvcp_win.dll
0x00007ff93dd50000 - 0x00007ff93de4a000 	C:\WINDOWS\System32\ucrtbase.dll
0x00007ff92cb20000 - 0x00007ff92cda4000 	C:\WINDOWS\WinSxS\amd64_microsoft.windows.common-controls_6595b64144ccf1df_6.0.18362.1256_none_9e7e379be45e40e2\COMCTL32.dll
0x00007ff93f8a0000 - 0x00007ff93fbd6000 	C:\WINDOWS\System32\combase.dll
0x00007ff93d860000 - 0x00007ff93d8e1000 	C:\WINDOWS\System32\bcryptPrimitives.dll
0x00007ff9400f0000 - 0x00007ff94011e000 	C:\WINDOWS\System32\IMM32.DLL
0x0000000053c50000 - 0x0000000053d22000 	C:\Program Files\Android\Android Studio\jre\jre\bin\msvcr100.dll
0x00000000547a0000 - 0x0000000054feb000 	C:\Program Files\Android\Android Studio\jre\jre\bin\server\jvm.dll
0x00007ff93ff30000 - 0x00007ff93ff38000 	C:\WINDOWS\System32\PSAPI.DLL
0x00007ff93ab10000 - 0x00007ff93ab34000 	C:\WINDOWS\SYSTEM32\WINMM.dll
0x00007ff934fa0000 - 0x00007ff934faa000 	C:\WINDOWS\SYSTEM32\VERSION.dll
0x00007ff93a690000 - 0x00007ff93a6bd000 	C:\WINDOWS\SYSTEM32\winmmbase.dll
0x00007ff93d920000 - 0x00007ff93d96a000 	C:\WINDOWS\System32\cfgmgr32.dll
0x00007ff92e730000 - 0x00007ff92e739000 	C:\WINDOWS\SYSTEM32\WSOCK32.dll
0x00007ff93f830000 - 0x00007ff93f89f000 	C:\WINDOWS\System32\ws2_32.DLL
0x00007ff92e720000 - 0x00007ff92e72f000 	C:\Program Files\Android\Android Studio\jre\jre\bin\verify.dll
0x00007ff92da10000 - 0x00007ff92da39000 	C:\Program Files\Android\Android Studio\jre\jre\bin\java.dll
0x00007ff92d9f0000 - 0x00007ff92da06000 	C:\Program Files\Android\Android Studio\jre\jre\bin\zip.dll
0x00007ff93f140000 - 0x00007ff93f827000 	C:\WINDOWS\System32\SHELL32.dll
0x00007ff93ea40000 - 0x00007ff93eae9000 	C:\WINDOWS\System32\shcore.dll
0x00007ff93d0d0000 - 0x00007ff93d851000 	C:\WINDOWS\System32\windows.storage.dll
0x00007ff93d080000 - 0x00007ff93d0a3000 	C:\WINDOWS\System32\profapi.dll
0x00007ff93d010000 - 0x00007ff93d05a000 	C:\WINDOWS\System32\powrprof.dll
0x00007ff93d000000 - 0x00007ff93d010000 	C:\WINDOWS\System32\UMPDC.dll
0x00007ff93e9e0000 - 0x00007ff93ea32000 	C:\WINDOWS\System32\shlwapi.dll
0x00007ff93d060000 - 0x00007ff93d071000 	C:\WINDOWS\System32\kernel.appcore.dll
0x00007ff93e0a0000 - 0x00007ff93e0b7000 	C:\WINDOWS\System32\cryptsp.dll
0x00007ff92d850000 - 0x00007ff92d86a000 	C:\Program Files\Android\Android Studio\jre\jre\bin\net.dll
0x00007ff93c7f0000 - 0x00007ff93c857000 	C:\WINDOWS\system32\mswsock.dll
0x00007ff92d830000 - 0x00007ff92d843000 	C:\Program Files\Android\Android Studio\jre\jre\bin\nio.dll
0x00007ff92d590000 - 0x00007ff92d5b7000 	C:\Users\Priyanshu\.gradle\native\f6784746aeab05261644944871eae4fe03e0ef1612fff0a4a95f87b438bc6780\windows-amd64\native-platform.dll
0x00007ff92e710000 - 0x00007ff92e71d000 	C:\Program Files\Android\Android Studio\jre\jre\bin\management.dll
0x00007ff93c360000 - 0x00007ff93c393000 	C:\WINDOWS\system32\rsaenh.dll
0x00007ff93d8f0000 - 0x00007ff93d916000 	C:\WINDOWS\System32\bcrypt.dll
0x00007ff93cf20000 - 0x00007ff93cf45000 	C:\WINDOWS\SYSTEM32\USERENV.dll
0x00007ff93c9c0000 - 0x00007ff93c9cc000 	C:\WINDOWS\SYSTEM32\CRYPTBASE.dll
0x00007ff93c500000 - 0x00007ff93c53a000 	C:\WINDOWS\SYSTEM32\IPHLPAPI.DLL
0x00007ff93fde0000 - 0x00007ff93fde8000 	C:\WINDOWS\System32\NSI.dll
0x00007ff9346d0000 - 0x00007ff9346e6000 	C:\WINDOWS\SYSTEM32\dhcpcsvc6.DLL
0x00007ff9347f0000 - 0x00007ff93480c000 	C:\WINDOWS\SYSTEM32\dhcpcsvc.DLL
0x00007ff93c540000 - 0x00007ff93c60b000 	C:\WINDOWS\SYSTEM32\DNSAPI.dll
0x00007ff934f40000 - 0x00007ff934f4b000 	C:\WINDOWS\SYSTEM32\WINNSI.DLL
0x00007ff93c040000 - 0x00007ff93c071000 	C:\WINDOWS\SYSTEM32\ntmarta.dll
0x00007ff92d570000 - 0x00007ff92d58e000 	C:\Users\Priyanshu\AppData\Local\Temp\native-platform1875579918621930767dir\native-platform.dll
0x00007ff9186a0000 - 0x00007ff9186c4000 	C:\Program Files\Android\Android Studio\jre\jre\bin\sunec.dll
0x00007ff92d5c0000 - 0x00007ff92d5ca000 	C:\Windows\System32\rasadhlp.dll
0x00007ff933ab0000 - 0x00007ff933b27000 	C:\WINDOWS\System32\fwpuclnt.dll
0x00007ff92bf70000 - 0x00007ff92bf7b000 	C:\Program Files\Android\Android Studio\jre\jre\bin\sunmscapi.dll
0x00007ff93e0c0000 - 0x00007ff93e209000 	C:\WINDOWS\System32\CRYPT32.dll
0x00007ff93d0b0000 - 0x00007ff93d0c2000 	C:\WINDOWS\System32\MSASN1.dll

VM Arguments:
jvm_args: -Xmx2048m -Dfile.encoding=UTF-8 -Duser.country=US -Duser.language=en -Duser.variant 
java_command: org.gradle.launcher.daemon.bootstrap.GradleDaemon 6.5
java_class_path (initial): C:\Users\Priyanshu\.gradle\wrapper\dists\gradle-6.5-bin\6nifqtx7604sqp1q6g8wikw7p\gradle-6.5\lib\gradle-launcher-6.5.jar
Launcher Type: SUN_STANDARD

Environment Variables:
JAVA_HOME=C:\Program Files\Java\jdk-14.0.1
PATH=C:\Program Files\Java\jdk-14.0.1\bin;C:\Program Files\Java\jdk-14.0.1\bin;C:\Program Files\Git\bin;;C:\Users\Priyanshu\AppData\Local\Programs\Microsoft VS Code\bin
USERNAME=Priyanshu
OS=Windows_NT
PROCESSOR_IDENTIFIER=Intel64 Family 6 Model 142 Stepping 9, GenuineIntel



---------------  S Y S T E M  ---------------

OS: Windows 10.0 , 64 bit Build 18362 (10.0.18362.1110)

CPU:total 4 (initial active 4) (2 cores per cpu, 2 threads per core) family 6 model 142 stepping 9, cmov, cx8, fxsr, mmx, sse, sse2, sse3, ssse3, sse4.1, sse4.2, popcnt, avx, avx2, aes, clmul, erms, 3dnowpref, lzcnt, ht, tsc, tscinvbit, bmi1, bmi2, adx

Memory: 4k page, physical 4073712k(39992k free), swap 16656624k(128k free)

vm_info: OpenJDK 64-Bit Server VM (25.242-b01) for windows-amd64 JRE (1.8.0_242-release-1644-b01), built by "builder" with MS VC++ 10.0 (VS2010)

time: Sat May 01 02:24:22 2021
timezone: India Standard Time
elapsed time: 21812 seconds (0d 6h 3m 32s)

